0 info it worked if it ends with ok
1 verbose cli [ '/home/luan/.nvm/versions/node/v7.7.4/bin/node',
1 verbose cli   '/home/luan/.nvm/versions/node/v7.7.4/bin/npm',
1 verbose cli   'run',
1 verbose cli   'test' ]
2 info using npm@4.1.2
3 info using node@v7.7.4
4 verbose run-script [ 'pretest', 'test', 'posttest' ]
5 info lifecycle api.conteumconto.com.br@1.0.0~pretest: api.conteumconto.com.br@1.0.0
6 silly lifecycle api.conteumconto.com.br@1.0.0~pretest: no script for pretest, continuing
7 info lifecycle api.conteumconto.com.br@1.0.0~test: api.conteumconto.com.br@1.0.0
8 verbose lifecycle api.conteumconto.com.br@1.0.0~test: unsafe-perm in lifecycle true
9 verbose lifecycle api.conteumconto.com.br@1.0.0~test: PATH: /home/luan/.nvm/versions/node/v7.7.4/lib/node_modules/npm/bin/node-gyp-bin:/home/luan/git/api.conteumconto.com.br/node_modules/.bin:/home/luan/.nvm/versions/node/v7.7.4/bin:/home/luan/bin:/home/luan/.local/bin:/usr/local/sbin:/usr/local/bin:/usr/sbin:/usr/bin:/sbin:/bin:/usr/games:/usr/local/games:/snap/bin
10 verbose lifecycle api.conteumconto.com.br@1.0.0~test: CWD: /home/luan/git/api.conteumconto.com.br
11 silly lifecycle api.conteumconto.com.br@1.0.0~test: Args: [ '-c', 'mocha --compilers js:babel-core/register' ]
12 silly lifecycle api.conteumconto.com.br@1.0.0~test: Returned: code: 2  signal: null
13 info lifecycle api.conteumconto.com.br@1.0.0~test: Failed to exec test script
14 verbose stack Error: api.conteumconto.com.br@1.0.0 test: `mocha --compilers js:babel-core/register`
14 verbose stack Exit status 2
14 verbose stack     at EventEmitter.<anonymous> (/home/luan/.nvm/versions/node/v7.7.4/lib/node_modules/npm/lib/utils/lifecycle.js:279:16)
14 verbose stack     at emitTwo (events.js:106:13)
14 verbose stack     at EventEmitter.emit (events.js:194:7)
14 verbose stack     at ChildProcess.<anonymous> (/home/luan/.nvm/versions/node/v7.7.4/lib/node_modules/npm/lib/utils/spawn.js:40:14)
14 verbose stack     at emitTwo (events.js:106:13)
14 verbose stack     at ChildProcess.emit (events.js:194:7)
14 verbose stack     at maybeClose (internal/child_process.js:899:16)
14 verbose stack     at Process.ChildProcess._handle.onexit (internal/child_process.js:226:5)
15 verbose pkgid api.conteumconto.com.br@1.0.0
16 verbose cwd /home/luan/git/api.conteumconto.com.br
17 error Linux 4.8.0-45-generic
18 error argv "/home/luan/.nvm/versions/node/v7.7.4/bin/node" "/home/luan/.nvm/versions/node/v7.7.4/bin/npm" "run" "test"
19 error node v7.7.4
20 error npm  v4.1.2
21 error code ELIFECYCLE
22 error api.conteumconto.com.br@1.0.0 test: `mocha --compilers js:babel-core/register`
22 error Exit status 2
23 error Failed at the api.conteumconto.com.br@1.0.0 test script 'mocha --compilers js:babel-core/register'.
23 error Make sure you have the latest version of node.js and npm installed.
23 error If you do, this is most likely a problem with the api.conteumconto.com.br package,
23 error not with npm itself.
23 error Tell the author that this fails on your system:
23 error     mocha --compilers js:babel-core/register
23 error You can get information on how to open an issue for this project with:
23 error     npm bugs api.conteumconto.com.br
23 error Or if that isn't available, you can get their info via:
23 error     npm owner ls api.conteumconto.com.br
23 error There is likely additional logging output above.
24 verbose exit [ 1, true ]
